IOC_TEST:ec0-s0-EK1100-entrycounter
IOC_TEST:ec0-s1-EL1004-entrycounter
IOC_TEST:ec0-s2-EL2819-entrycounter
IOC_TEST:ec0-s3-EL5002-entrycounter
IOC_TEST:ec0-s4-EL5021-entrycounter
IOC_TEST:ec0-s5-EL7201-entrycounter
IOC_TEST:ec0-s6-iPOS8020-entrycounter
IOC_TEST:Axis1-seqstate
IOC_TEST:Axis1-lastilock
IOC_TEST:ec0-slavesresp
IOC_TEST:ec0-Domain-WC
REQMOD:04d5808-raspber-1696:exit
IOC_TEST:ec0-s0-EK1100-One
IOC_TEST:ec0-s0-EK1100-Zero
IOC_TEST:ec0-s1-EL1004-One
IOC_TEST:ec0-s1-EL1004-Zero
IOC_TEST:ec0-s2-EL2819-One
IOC_TEST:ec0-s2-EL2819-Zero
IOC_TEST:ec0-s3-EL5002-One
IOC_TEST:ec0-s3-EL5002-Zero
IOC_TEST:ec0-s4-EL5021-One
IOC_TEST:ec0-s4-EL5021-Zero
IOC_TEST:ec0-s5-EL7201-One
IOC_TEST:ec0-s5-EL7201-Zero
IOC_TEST:ec0-s6-iPOS8020-One
IOC_TEST:ec0-s6-iPOS8020-Zero
IOC_TEST:ec0-s6-iPOS8020-BOx
IOC_TEST:ec0-s6-iPOS8020-Mask-BOx
IOC_TEST:Axis1-DIR_
IOC_TEST:Axis1-ErrRst
IOC_TEST:Axis1-HomProc
IOC_TEST:Axis1-DbgStrToLOG
IOC_TEST:ec0-s3-EL5002-CH1-PosAct
IOC_TEST:ec0-s3-EL5002-CH2-PosAct
IOC_TEST:ec0-s4-EL5021-PosAct
IOC_TEST:ec0-s5-EL7201-Drv-Cmd-RB
IOC_TEST:ec0-s5-EL7201-Drv-Spd-RB
IOC_TEST:ec0-s5-EL7201-Enc-PosAct
IOC_TEST:ec0-s6-iPOS8020-Drv-Cmd-RB
IOC_TEST:ec0-s6-iPOS8020-Drv-Spd-RB
IOC_TEST:ec0-s6-iPOS8020-Enc-PosAct
IOC_TEST:ec0-s6-iPOS8020-Enc-PosAct2
IOC_TEST:ec0-s6-iPOS8020-Drv-Curr
IOC_TEST:ec0-s6-iPOS8020-AI1
IOC_TEST:ec0-s6-iPOS8020-AI2
IOC_TEST:ec0-s6-iPOS8020-Drv-Volt
IOC_TEST:ec0-s6-iPOS8020-Drv-Temp
IOC_TEST:Axis1-VelAct
IOC_TEST:Axis1-Vel-RB
IOC_TEST:Axis1-Acc-RB
IOC_TEST:Axis1-EncAct
IOC_TEST:Axis1-CfgSREV-RB
IOC_TEST:Axis1-CfgUREV-RB
IOC_TEST:Axis1-CfgPMIN-RB
IOC_TEST:Axis1-CfgPMAX-RB
IOC_TEST:Axis1-CfgSPDB-RB
IOC_TEST:Axis1-CfgRDBD-RB
IOC_TEST:Axis1-CfgRDBD-Tim-RB
IOC_TEST:Axis1-CfgPOSLAG-RB
IOC_TEST:Axis1-CfgPOSLAG-Tim-RB
IOC_TEST:Axis1-CfgDHLM-RB
IOC_TEST:Axis1-CfgDLLM-RB
IOC_TEST:Axis1-CfgVELO-RB
IOC_TEST:Axis1-CfgVMAX-RB
IOC_TEST:Axis1-CfgJVEL-RB
IOC_TEST:Axis1-CfgACCS-RB
IOC_TEST:Axis1-HomPos-RB
IOC_TEST:Axis1-AxisType-Act
IOC_TEST:Axis1-PosAct
IOC_TEST:Axis1-PosSet
IOC_TEST:Axis1-PosErr
IOC_TEST:Axis1-PLC-error
IOC_TEST:MCU-app-mode
IOC_TEST:MCU-ErrId
IOC_TEST:MCU-thread-latency-min
IOC_TEST:MCU-thread-latency-max
IOC_TEST:MCU-thread-period-min
IOC_TEST:MCU-thread-period-max
IOC_TEST:MCU-thread-execute-min
IOC_TEST:MCU-thread-execute-max
IOC_TEST:MCU-thread-send-min
IOC_TEST:MCU-thread-send-max
IOC_TEST:ec0-s5-EL7201-Drv-Cmd
IOC_TEST:ec0-s5-EL7201-Drv-Spd
IOC_TEST:ec0-s6-iPOS8020-Drv-Cmd
IOC_TEST:ec0-s6-iPOS8020-Drv-Spd
IOC_TEST:Axis1-OFF_
IOC_TEST:Axis1-MRES_
IOC_TEST:Axis1-HomPos
IOC_TEST:Axis1-VelToHom
IOC_TEST:Axis1-VelFrmHom
IOC_TEST:Axis1-AccHom
IOC_TEST:ec0-s0-EK1100-Stat_
IOC_TEST:ec0-s1-EL1004-Stat_
IOC_TEST:ec0-s2-EL2819-Stat_
IOC_TEST:ec0-s2-EL2819-BO1-Stat
IOC_TEST:ec0-s2-EL2819-BO2-Stat
IOC_TEST:ec0-s2-EL2819-BO3-Stat
IOC_TEST:ec0-s2-EL2819-BO4-Stat
IOC_TEST:ec0-s2-EL2819-BO5-Stat
IOC_TEST:ec0-s2-EL2819-BO6-Stat
IOC_TEST:ec0-s2-EL2819-BO7-Stat
IOC_TEST:ec0-s2-EL2819-BO8-Stat
IOC_TEST:ec0-s2-EL2819-BO9-Stat
IOC_TEST:ec0-s2-EL2819-BO10-Stat
IOC_TEST:ec0-s2-EL2819-BO11-Stat
IOC_TEST:ec0-s2-EL2819-BO12-Stat
IOC_TEST:ec0-s2-EL2819-BO13-Stat
IOC_TEST:ec0-s2-EL2819-BO14-Stat
IOC_TEST:ec0-s2-EL2819-BO15-Stat
IOC_TEST:ec0-s2-EL2819-BO16-Stat
IOC_TEST:ec0-s3-EL5002-Stat_
IOC_TEST:ec0-s3-EL5002-CH1-Stat
IOC_TEST:ec0-s3-EL5002-CH2-Stat
IOC_TEST:ec0-s4-EL5021-Stat_
IOC_TEST:ec0-s5-EL7201-Stat_
IOC_TEST:ec0-s5-EL7201-Drv-Stat
IOC_TEST:ec0-s6-iPOS8020-Stat_
IOC_TEST:ec0-s6-iPOS8020-Drv-Stat
IOC_TEST:Axis1-Stat_
IOC_TEST:ec0-Stat_
IOC_TEST:ec0-Domain-Stat_
REQMOD:04d5808-raspber-1696:BaseVersion
REQMOD:04d5808-raspber-1696:require_VER
REQMOD:04d5808-raspber-1696:ecmccfg_VER
REQMOD:04d5808-raspber-1696:asyn_VER
REQMOD:04d5808-raspber-1696:exprtk_VER
REQMOD:04d5808-raspber-1696:motor_VER
REQMOD:04d5808-raspber-1696:ecmc_VER
REQMOD:04d5808-raspber-1696:sequencer_VER
REQMOD:04d5808-raspber-1696:sscan_VER
REQMOD:04d5808-raspber-1696:calc_VER
REQMOD:04d5808-raspber-1696:pcre_VER
REQMOD:04d5808-raspber-1696:stream_VER
IOC_TEST:ec0-s0-EK1100-HWType
IOC_TEST:ec0-s1-EL1004-HWType
IOC_TEST:ec0-s2-EL2819-HWType
IOC_TEST:ec0-s3-EL5002-HWType
IOC_TEST:ec0-s4-EL5021-HWType
IOC_TEST:ec0-s5-EL7201-HWType
IOC_TEST:ec0-s6-iPOS8020-HWType
IOC_TEST:Axis1-MsgTxt
IOC_TEST:Axis1-HomProc-RB
REQMOD:04d5808-raspber-1696:MODULES
REQMOD:04d5808-raspber-1696:VERSIONS
REQMOD:04d5808-raspber-1696:MOD_VER
IOC_TEST:Axis1-PLCExpr
IOC_TEST:Axis1-Array-Stat
IOC_TEST:Axis1-PLCExpr-RB
IOC_TEST:MCU-ErrMsg
IOC_TEST:MCU-updated
IOC_TEST:ec0-s0-EK1100-online
IOC_TEST:ec0-s0-EK1100-operational
IOC_TEST:ec0-s0-EK1100-alstate-init
IOC_TEST:ec0-s0-EK1100-alstate-preop
IOC_TEST:ec0-s0-EK1100-alstate-safeop
IOC_TEST:ec0-s0-EK1100-alstate-op
IOC_TEST:ec0-s1-EL1004-online
IOC_TEST:ec0-s1-EL1004-operational
IOC_TEST:ec0-s1-EL1004-alstate-init
IOC_TEST:ec0-s1-EL1004-alstate-preop
IOC_TEST:ec0-s1-EL1004-alstate-safeop
IOC_TEST:ec0-s1-EL1004-alstate-op
IOC_TEST:ec0-s1-EL1004-BI1
IOC_TEST:ec0-s1-EL1004-BI2
IOC_TEST:ec0-s1-EL1004-BI3
IOC_TEST:ec0-s1-EL1004-BI4
IOC_TEST:ec0-s2-EL2819-online
IOC_TEST:ec0-s2-EL2819-operational
IOC_TEST:ec0-s2-EL2819-alstate-init
IOC_TEST:ec0-s2-EL2819-alstate-preop
IOC_TEST:ec0-s2-EL2819-alstate-safeop
IOC_TEST:ec0-s2-EL2819-alstate-op
IOC_TEST:ec0-s2-EL2819-BO1-RB
IOC_TEST:ec0-s2-EL2819-BO2-RB
IOC_TEST:ec0-s2-EL2819-BO3-RB
IOC_TEST:ec0-s2-EL2819-BO4-RB
IOC_TEST:ec0-s2-EL2819-BO5-RB
IOC_TEST:ec0-s2-EL2819-BO6-RB
IOC_TEST:ec0-s2-EL2819-BO7-RB
IOC_TEST:ec0-s2-EL2819-BO8-RB
IOC_TEST:ec0-s2-EL2819-BO9-RB
IOC_TEST:ec0-s2-EL2819-BO10-RB
IOC_TEST:ec0-s2-EL2819-BO11-RB
IOC_TEST:ec0-s2-EL2819-BO12-RB
IOC_TEST:ec0-s2-EL2819-BO13-RB
IOC_TEST:ec0-s2-EL2819-BO14-RB
IOC_TEST:ec0-s2-EL2819-BO15-RB
IOC_TEST:ec0-s2-EL2819-BO16-RB
IOC_TEST:ec0-s2-EL2819-BO1-OvrTmp-Alrm
IOC_TEST:ec0-s2-EL2819-BO1-OpnLoad-Alrm
IOC_TEST:ec0-s2-EL2819-BO1-OvrCurr-Alrm
IOC_TEST:ec0-s2-EL2819-BO1-ShrtCirc-Alrm
IOC_TEST:ec0-s2-EL2819-BO2-OvrTmp-Alrm
IOC_TEST:ec0-s2-EL2819-BO2-OpnLoad-Alrm
IOC_TEST:ec0-s2-EL2819-BO2-OvrCurr-Alrm
IOC_TEST:ec0-s2-EL2819-BO2-ShrtCirc-Alrm
IOC_TEST:ec0-s2-EL2819-BO3-OvrTmp-Alrm
IOC_TEST:ec0-s2-EL2819-BO3-OpnLoad-Alrm
IOC_TEST:ec0-s2-EL2819-BO3-OvrCurr-Alrm
IOC_TEST:ec0-s2-EL2819-BO3-ShrtCirc-Alrm
IOC_TEST:ec0-s2-EL2819-BO4-OvrTmp-Alrm
IOC_TEST:ec0-s2-EL2819-BO4-OpnLoad-Alrm
IOC_TEST:ec0-s2-EL2819-BO4-OvrCurr-Alrm
IOC_TEST:ec0-s2-EL2819-BO4-ShrtCirc-Alrm
IOC_TEST:ec0-s2-EL2819-BO5-OvrTmp-Alrm
IOC_TEST:ec0-s2-EL2819-BO5-OpnLoad-Alrm
IOC_TEST:ec0-s2-EL2819-BO5-OvrCurr-Alrm
IOC_TEST:ec0-s2-EL2819-BO5-ShrtCirc-Alrm
IOC_TEST:ec0-s2-EL2819-BO6-OvrTmp-Alrm
IOC_TEST:ec0-s2-EL2819-BO6-OpnLoad-Alrm
IOC_TEST:ec0-s2-EL2819-BO6-OvrCurr-Alrm
IOC_TEST:ec0-s2-EL2819-BO6-ShrtCirc-Alrm
IOC_TEST:ec0-s2-EL2819-BO7-OvrTmp-Alrm
IOC_TEST:ec0-s2-EL2819-BO7-OpnLoad-Alrm
IOC_TEST:ec0-s2-EL2819-BO7-OvrCurr-Alrm
IOC_TEST:ec0-s2-EL2819-BO7-ShrtCirc-Alrm
IOC_TEST:ec0-s2-EL2819-BO8-OvrTmp-Alrm
IOC_TEST:ec0-s2-EL2819-BO8-OpnLoad-Alrm
IOC_TEST:ec0-s2-EL2819-BO8-OvrCurr-Alrm
IOC_TEST:ec0-s2-EL2819-BO8-ShrtCirc-Alrm
IOC_TEST:ec0-s2-EL2819-BO9-OvrTmp-Alrm
IOC_TEST:ec0-s2-EL2819-BO9-OpnLoad-Alrm
IOC_TEST:ec0-s2-EL2819-BO9-OvrCurr-Alrm
IOC_TEST:ec0-s2-EL2819-BO9-ShrtCirc-Alrm
IOC_TEST:ec0-s2-EL2819-BO10-OvrTmp-Alrm
IOC_TEST:ec0-s2-EL2819-BO10-OpnLoad-Alrm
IOC_TEST:ec0-s2-EL2819-BO10-OvrCurr-Alrm
IOC_TEST:ec0-s2-EL2819-BO10-ShrtCirc-Alrm
IOC_TEST:ec0-s2-EL2819-BO11-OvrTmp-Alrm
IOC_TEST:ec0-s2-EL2819-BO11-OpnLoad-Alrm
IOC_TEST:ec0-s2-EL2819-BO11-OvrCurr-Alrm
IOC_TEST:ec0-s2-EL2819-BO11-ShrtCirc-Alrm
IOC_TEST:ec0-s2-EL2819-BO12-OvrTmp-Alrm
IOC_TEST:ec0-s2-EL2819-BO12-OpnLoad-Alrm
IOC_TEST:ec0-s2-EL2819-BO12-OvrCurr-Alrm
IOC_TEST:ec0-s2-EL2819-BO12-ShrtCirc-Alrm
IOC_TEST:ec0-s2-EL2819-BO13-OvrTmp-Alrm
IOC_TEST:ec0-s2-EL2819-BO13-OpnLoad-Alrm
IOC_TEST:ec0-s2-EL2819-BO13-OvrCurr-Alrm
IOC_TEST:ec0-s2-EL2819-BO13-ShrtCirc-Alrm
IOC_TEST:ec0-s2-EL2819-BO14-OvrTmp-Alrm
IOC_TEST:ec0-s2-EL2819-BO14-OpnLoad-Alrm
IOC_TEST:ec0-s2-EL2819-BO14-OvrCurr-Alrm
IOC_TEST:ec0-s2-EL2819-BO14-ShrtCirc-Alrm
IOC_TEST:ec0-s2-EL2819-BO15-OvrTmp-Alrm
IOC_TEST:ec0-s2-EL2819-BO15-OpnLoad-Alrm
IOC_TEST:ec0-s2-EL2819-BO15-OvrCurr-Alrm
IOC_TEST:ec0-s2-EL2819-BO15-ShrtCirc-Alrm
IOC_TEST:ec0-s2-EL2819-BO16-OvrTmp-Alrm
IOC_TEST:ec0-s2-EL2819-BO16-OpnLoad-Alrm
IOC_TEST:ec0-s2-EL2819-BO16-OvrCurr-Alrm
IOC_TEST:ec0-s2-EL2819-BO16-ShrtCirc-Alrm
IOC_TEST:ec0-s3-EL5002-online
IOC_TEST:ec0-s3-EL5002-operational
IOC_TEST:ec0-s3-EL5002-alstate-init
IOC_TEST:ec0-s3-EL5002-alstate-preop
IOC_TEST:ec0-s3-EL5002-alstate-safeop
IOC_TEST:ec0-s3-EL5002-alstate-op
IOC_TEST:ec0-s3-EL5002-CH1-Data-Alrm
IOC_TEST:ec0-s3-EL5002-CH1-Frame-Alrm
IOC_TEST:ec0-s3-EL5002-CH1-Power-Alrm
IOC_TEST:ec0-s3-EL5002-CH2-Data-Alrm
IOC_TEST:ec0-s3-EL5002-CH2-Frame-Alrm
IOC_TEST:ec0-s3-EL5002-CH2-Power-Alrm
IOC_TEST:ec0-s4-EL5021-online
IOC_TEST:ec0-s4-EL5021-operational
IOC_TEST:ec0-s4-EL5021-alstate-init
IOC_TEST:ec0-s4-EL5021-alstate-preop
IOC_TEST:ec0-s4-EL5021-alstate-safeop
IOC_TEST:ec0-s4-EL5021-alstate-op
IOC_TEST:ec0-s4-EL5021-Freq-Alrm
IOC_TEST:ec0-s5-EL7201-online
IOC_TEST:ec0-s5-EL7201-operational
IOC_TEST:ec0-s5-EL7201-alstate-init
IOC_TEST:ec0-s5-EL7201-alstate-preop
IOC_TEST:ec0-s5-EL7201-alstate-safeop
IOC_TEST:ec0-s5-EL7201-alstate-op
IOC_TEST:ec0-s5-EL7201-Drv-Wrn-Alrm
IOC_TEST:ec0-s5-EL7201-Drv-Err-Alrm
IOC_TEST:ec0-s6-iPOS8020-online
IOC_TEST:ec0-s6-iPOS8020-operational
IOC_TEST:ec0-s6-iPOS8020-alstate-init
IOC_TEST:ec0-s6-iPOS8020-alstate-preop
IOC_TEST:ec0-s6-iPOS8020-alstate-safeop
IOC_TEST:ec0-s6-iPOS8020-alstate-op
IOC_TEST:ec0-s6-iPOS8020-Drv-Wrn-Alrm
IOC_TEST:ec0-s6-iPOS8020-Drv-Err-Alrm
IOC_TEST:ec0-s6-iPOS8020-Drv-QStp-Alrm
IOC_TEST:ec0-s6-iPOS8020-Drv-Lim-Alrm
IOC_TEST:ec0-s6-iPOS8020-Drv-Flw-Alrm
IOC_TEST:Axis1-enabled
IOC_TEST:Axis1-execute
IOC_TEST:Axis1-busy
IOC_TEST:Axis1-attarget
IOC_TEST:Axis1-moving
IOC_TEST:Axis1-limitfwd
IOC_TEST:Axis1-limitbwd
IOC_TEST:Axis1-homeswitch
IOC_TEST:Axis1-instartup
IOC_TEST:Axis1-inrealtime
IOC_TEST:Axis1-TrajSourceType-RB
IOC_TEST:Axis1-EncSourceType-RB
IOC_TEST:Axis1-AllowCmdFromPLC-CmdEn-RB
IOC_TEST:Axis1-PLC-CmdEn-RB
IOC_TEST:Axis1-PLC-firstscan
IOC_TEST:ec0-linkup
IOC_TEST:ec0-alstates-init
IOC_TEST:ec0-alstates-preop
IOC_TEST:ec0-alstates-safeop
IOC_TEST:ec0-alstates-op
IOC_TEST:ec0-Domain-redunactive
IOC_TEST:ec0-Domain-WC-zero
IOC_TEST:ec0-Domain-WC-incomplete
IOC_TEST:ec0-Domain-WC-complete
IOC_TEST:ec0-s2-EL2819-BO1
IOC_TEST:ec0-s2-EL2819-BO2
IOC_TEST:ec0-s2-EL2819-BO3
IOC_TEST:ec0-s2-EL2819-BO4
IOC_TEST:ec0-s2-EL2819-BO5
IOC_TEST:ec0-s2-EL2819-BO6
IOC_TEST:ec0-s2-EL2819-BO7
IOC_TEST:ec0-s2-EL2819-BO8
IOC_TEST:ec0-s2-EL2819-BO9
IOC_TEST:ec0-s2-EL2819-BO10
IOC_TEST:ec0-s2-EL2819-BO11
IOC_TEST:ec0-s2-EL2819-BO12
IOC_TEST:ec0-s2-EL2819-BO13
IOC_TEST:ec0-s2-EL2819-BO14
IOC_TEST:ec0-s2-EL2819-BO15
IOC_TEST:ec0-s2-EL2819-BO16
IOC_TEST:Axis1-EncSourceType-Cmd
IOC_TEST:Axis1-TrajSourceType-Cmd
IOC_TEST:Axis1-PLC-CmdEn
IOC_TEST:Axis1-AllowCmdFromPLC-CmdEn
IOC_TEST:MCU-ErrRst
IOC_TEST:ec0-s0-EK1100-Stat
IOC_TEST:ec0-s1-EL1004-Stat
IOC_TEST:ec0-s2-EL2819-Stat
IOC_TEST:ec0-s3-EL5002-Stat
IOC_TEST:ec0-s4-EL5021-Stat
IOC_TEST:ec0-s5-EL7201-Stat
IOC_TEST:ec0-s6-iPOS8020-Stat
IOC_TEST:ec0-s6-iPOS8020-BOx-RB
IOC_TEST:ec0-s6-iPOS8020-Mask-BOx-RB
IOC_TEST:ec0-s6-iPOS8020-BOx-RB2
IOC_TEST:ec0-s6-iPOS8020-BIx
IOC_TEST:Axis1-Err
IOC_TEST:Axis1-ErrId
IOC_TEST:Axis1-CfgRDBD-En-RB
IOC_TEST:Axis1-CfgPOSLAG-En-RB
IOC_TEST:Axis1-CfgDHLM-En-RB
IOC_TEST:Axis1-CfgDLLM-En-RB
IOC_TEST:Axis1-Stat
IOC_TEST:ec0-Stat
IOC_TEST:ec0-slavecounter
IOC_TEST:ec0-memmapcounter
IOC_TEST:ec0-domainfailcountertotal
IOC_TEST:ec0-entrycounter
IOC_TEST:ec0-Domain-Stat
IOC_TEST:MCU1:asyn
IOC_TEST:MCU-Cmd
IOC_TEST:Axis1
